Using pre-set license
Built from '2023.2/staging' branch; Version is '2023.2.4f1 (accd6d46ced1) revision 11324781'; Using compiler version '193431935'; Build Type 'Release'
OS: 'Windows 11  (10.0.22631) 64bit Professional' Language: 'en' Physical Memory: 32693 MB
BatchMode: 1, IsHumanControllingUs: 0, StartBugReporterOnCrash: 0, Is64bit: 1, IsPro: 1

COMMAND LINE ARGUMENTS:
C:\Program Files\Unity\Hub\Editor\2023.2.4f1\Editor\Unity.exe
-adb2
-batchMode
-noUpm
-name
AssetImportWorker0
-projectPath
C:/Users/aaron/Documents/GitHub/Multiplayer-PvE/Multiplayer-PvE
-logFile
Logs/AssetImportWorker0.log
-srvPort
56810
-job-worker-count
5
-background-job-worker-count
8
-asset-garbage-collectors
1
Successfully changed project path to: C:/Users/aaron/Documents/GitHub/Multiplayer-PvE/Multiplayer-PvE
C:/Users/aaron/Documents/GitHub/Multiplayer-PvE/Multiplayer-PvE
[UnityMemory] Configuration Parameters - Can be set up in boot.config
    "memorysetup-bucket-allocator-granularity=16"
    "memorysetup-bucket-allocator-bucket-count=8"
    "memorysetup-bucket-allocator-block-size=33554432"
    "memorysetup-bucket-allocator-block-count=8"
    "memorysetup-main-allocator-block-size=16777216"
    "memorysetup-thread-allocator-block-size=16777216"
    "memorysetup-gfx-main-allocator-block-size=16777216"
    "memorysetup-gfx-thread-allocator-block-size=16777216"
    "memorysetup-cache-allocator-block-size=4194304"
    "memorysetup-typetree-allocator-block-size=2097152"
    "memorysetup-profiler-bucket-allocator-granularity=16"
    "memorysetup-profiler-bucket-allocator-bucket-count=8"
    "memorysetup-profiler-bucket-allocator-block-size=33554432"
    "memorysetup-profiler-bucket-allocator-block-count=8"
    "memorysetup-profiler-allocator-block-size=16777216"
    "memorysetup-profiler-editor-allocator-block-size=1048576"
    "memorysetup-temp-allocator-size-main=16777216"
    "memorysetup-job-temp-allocator-block-size=2097152"
    "memorysetup-job-temp-allocator-block-size-background=1048576"
    "memorysetup-job-temp-allocator-reduction-small-platforms=262144"
    "memorysetup-allocator-temp-initial-block-size-main=262144"
    "memorysetup-allocator-temp-initial-block-size-worker=262144"
    "memorysetup-temp-allocator-size-background-worker=32768"
    "memorysetup-temp-allocator-size-job-worker=262144"
    "memorysetup-temp-allocator-size-preload-manager=33554432"
    "memorysetup-temp-allocator-size-nav-mesh-worker=65536"
    "memorysetup-temp-allocator-size-audio-worker=65536"
    "memorysetup-temp-allocator-size-cloud-worker=32768"
    "memorysetup-temp-allocator-size-gi-baking-worker=262144"
    "memorysetup-temp-allocator-size-gi-baking-worker=262144"
    "memorysetup-temp-allocator-size-gi-baking-worker=262144"
    "memorysetup-temp-allocator-size-gi-baking-worker=262144"
    "memorysetup-temp-allocator-size-gfx=262144"
Player connection [12668] Host "[IP] 192.168.0.172 [Port] 0 [Flags] 2 [Guid] 2320123483 [EditorId] 2320123483 [Version] 1048832 [Id] WindowsEditor(7,Aaron-pc2) [Debug] 1 [PackageName] WindowsEditor [ProjectName] Editor" joined multi-casting on [225.0.0.222:54997]...
Player connection [12668] Host "[IP] 192.168.0.172 [Port] 0 [Flags] 2 [Guid] 2320123483 [EditorId] 2320123483 [Version] 1048832 [Id] WindowsEditor(7,Aaron-pc2) [Debug] 1 [PackageName] WindowsEditor [ProjectName] Editor" joined alternative multi-casting on [225.0.0.222:34997]...
JobSystem: Creating JobQueue using job-worker-count value 5
[Physics::Module] Initialized MultithreadedJobDispatcher with 5 workers.
Library Redirect Path: Library/
Refreshing native plugins compatible for Editor in 1.16 ms, found 3 plugins.
Preloading 0 native plugins for Editor in 0.00 ms.
Initialize engine version: 2023.2.4f1 (accd6d46ced1)
[Subsystems] Discovering subsystems at path C:/Program Files/Unity/Hub/Editor/2023.2.4f1/Editor/Data/Resources/UnitySubsystems
[Subsystems] Discovering subsystems at path C:/Users/aaron/Documents/GitHub/Multiplayer-PvE/Multiplayer-PvE/Assets
GfxDevice: creating device client; kGfxThreadingModeNonThreaded
Direct3D:
    Version:  Direct3D 11.0 [level 11.1]
    Renderer: AMD Radeon RX 7600 (ID=0x7480)
    Vendor:   ATI
    VRAM:     8130 MB
    Driver:   31.0.24027.1012
Initialize mono
Mono path[0] = 'C:/Program Files/Unity/Hub/Editor/2023.2.4f1/Editor/Data/Managed'
Mono path[1] = 'C:/Program Files/Unity/Hub/Editor/2023.2.4f1/Editor/Data/MonoBleedingEdge/lib/mono/unityjit-win32'
Mono config path = 'C:/Program Files/Unity/Hub/Editor/2023.2.4f1/Editor/Data/MonoBleedingEdge/etc'
Using monoOptions --debugger-agent=transport=dt_socket,embedding=1,server=y,suspend=n,address=127.0.0.1:56484
Begin MonoManager ReloadAssembly
C:\build\output\Unity-Technologies\mono\mono\metadata\icall.c:1842:
C:\build\output\Unity-Technologies\mono\mono\metadata\icall.c:1842:
C:\build\output\Unity-Technologies\mono\mono\metadata\icall.c:1842:
C:\build\output\Unity-Technologies\mono\mono\metadata\icall.c:1842:
C:\build\output\Unity-Technologies\mono\mono\metadata\icall.c:1842:
C:\build\output\Unity-Technologies\mono\mono\metadata\icall.c:1842:
C:\build\output\Unity-Technologies\mono\mono\metadata\icall.c:1842:
C:\build\output\Unity-Technologies\mono\mono\metadata\icall.c:1842:
C:\build\output\Unity-Technologies\mono\mono\metadata\icall.c:1842:
C:\build\output\Unity-Technologies\mono\mono\metadata\icall.c:1842:
Registering precompiled unity dll's ...
Register platform support module: C:/Program Files/Unity/Hub/Editor/2023.2.4f1/Editor/Data/PlaybackEngines/WindowsStandaloneSupport/UnityEditor.WindowsStandalone.Extensions.dll
Registered in 0.002519 seconds.
- Loaded All Assemblies, in  0.335 seconds
Native extension for WindowsStandalone target not found
Mono: successfully reloaded assembly
C:\build\output\Unity-Technologies\mono\mono\metadata\icall.c:1842:
C:\build\output\Unity-Technologies\mono\mono\metadata\icall.c:1842:
- Finished resetting the current domain, in  0.274 seconds
Domain Reload Profiling: 607ms
	BeginReloadAssembly (114ms)
		ExecutionOrderSort (0ms)
		DisableScriptedObjects (0ms)
		BackupInstance (0ms)
		ReleaseScriptingObjects (0ms)
		CreateAndSetChildDomain (1ms)
	RebuildCommonClasses (31ms)
	RebuildNativeTypeToScriptingClass (10ms)
	initialDomainReloadingComplete (42ms)
	LoadAllAssembliesAndSetupDomain (136ms)
		LoadAssemblies (112ms)
		RebuildTransferFunctionScriptingTraits (0ms)
		AnalyzeDomain (134ms)
			TypeCache.Refresh (132ms)
				TypeCache.ScanAssembly (120ms)
			BuildScriptInfoCaches (0ms)
			ResolveRequiredComponents (0ms)
	FinalizeReload (274ms)
		ReleaseScriptCaches (0ms)
		RebuildScriptCaches (0ms)
		SetupLoadedEditorAssemblies (227ms)
			LogAssemblyErrors (0ms)
			InitializePlatformSupportModulesInManaged (9ms)
			SetLoadedEditorAssemblies (5ms)
			BeforeProcessingInitializeOnLoad (7ms)
			ProcessInitializeOnLoadAttributes (160ms)
			ProcessInitializeOnLoadMethodAttributes (46ms)
			AfterProcessingInitializeOnLoad (0ms)
			EditorAssembliesLoaded (0ms)
		ExecutionOrderSort2 (0ms)
		AwakeInstancesAfterBackupRestoration (0ms)
========================================================================
Worker process is ready to serve import requests
Import Worker Mode flag is 0x00
Begin MonoManager ReloadAssembly
C:\build\output\Unity-Technologies\mono\mono\metadata\icall.c:1842:
C:\build\output\Unity-Technologies\mono\mono\metadata\icall.c:1842:
C:\build\output\Unity-Technologies\mono\mono\metadata\icall.c:1842:
C:\build\output\Unity-Technologies\mono\mono\metadata\icall.c:1842:
C:\build\output\Unity-Technologies\mono\mono\metadata\icall.c:1842:
C:\build\output\Unity-Technologies\mono\mono\metadata\icall.c:1842:
C:\build\output\Unity-Technologies\mono\mono\metadata\icall.c:1842:
C:\build\output\Unity-Technologies\mono\mono\metadata\icall.c:1842:
C:\build\output\Unity-Technologies\mono\mono\metadata\icall.c:1842:
C:\build\output\Unity-Technologies\mono\mono\metadata\icall.c:1842:
C:\build\output\Unity-Technologies\mono\mono\metadata\icall.c:1842:
C:\build\output\Unity-Technologies\mono\mono\metadata\icall.c:1842:
Symbol file LoadedFromMemory doesn't match image C:\Users\aaron\Documents\GitHub\Multiplayer-PvE\Multiplayer-PvE\Library\PackageCache\com.unity.visualscripting@1.8.0\Editor\VisualScripting.Core\Dependencies\YamlDotNet\Unity.VisualScripting.YamlDotNet.dll
Symbol file LoadedFromMemory doesn't match image C:\Users\aaron\Documents\GitHub\Multiplayer-PvE\Multiplayer-PvE\Library\PackageCache\com.unity.visualscripting@1.8.0\Editor\VisualScripting.Core\Dependencies\DotNetZip\Unity.VisualScripting.IonicZip.dll
- Loaded All Assemblies, in  0.783 seconds
Refreshing native plugins compatible for Editor in 0.95 ms, found 3 plugins.
Native extension for WindowsStandalone target not found
Mono: successfully reloaded assembly
- Finished resetting the current domain, in  0.683 seconds
Domain Reload Profiling: 1462ms
	BeginReloadAssembly (282ms)
		ExecutionOrderSort (0ms)
		DisableScriptedObjects (6ms)
		BackupInstance (0ms)
		ReleaseScriptingObjects (0ms)
		CreateAndSetChildDomain (33ms)
	RebuildCommonClasses (37ms)
	RebuildNativeTypeToScriptingClass (10ms)
	initialDomainReloadingComplete (35ms)
	LoadAllAssembliesAndSetupDomain (413ms)
		LoadAssemblies (333ms)
		RebuildTransferFunctionScriptingTraits (0ms)
		AnalyzeDomain (168ms)
			TypeCache.Refresh (132ms)
				TypeCache.ScanAssembly (119ms)
			BuildScriptInfoCaches (25ms)
			ResolveRequiredComponents (8ms)
	FinalizeReload (684ms)
		ReleaseScriptCaches (0ms)
		RebuildScriptCaches (0ms)
		SetupLoadedEditorAssemblies (478ms)
			LogAssemblyErrors (0ms)
			InitializePlatformSupportModulesInManaged (2ms)
			SetLoadedEditorAssemblies (4ms)
			BeforeProcessingInitializeOnLoad (93ms)
			ProcessInitializeOnLoadAttributes (342ms)
			ProcessInitializeOnLoadMethodAttributes (33ms)
			AfterProcessingInitializeOnLoad (5ms)
			EditorAssembliesLoaded (0ms)
		ExecutionOrderSort2 (0ms)
		AwakeInstancesAfterBackupRestoration (5ms)
Launched and connected shader compiler UnityShaderCompiler.exe after 0.01 seconds
Refreshing native plugins compatible for Editor in 0.80 ms, found 3 plugins.
Preloading 0 native plugins for Editor in 0.00 ms.
Unloading 170 Unused Serialized files (Serialized files now loaded: 0)
Unloading 5204 unused Assets / (5.0 MB). Loaded Objects now: 5874.
Memory consumption went from 170.9 MB to 165.9 MB.
Total: 7.613200 ms (FindLiveObjects: 0.627200 ms CreateObjectMapping: 0.738400 ms MarkObjects: 3.847500 ms  DeleteObjects: 2.399200 ms)

========================================================================
Received Import Request.
  Time since last request: 935231.525311 seconds.
  path: Assets/Art/New Material.mat
  artifactKey: Guid(2eff2595e61e8474c9bb8ebcaee85e35) Importer(815301076,1909f56bfc062723c751e8b465ee728b)
Start importing Assets/Art/New Material.mat using Guid(2eff2595e61e8474c9bb8ebcaee85e35) Importer(815301076,1909f56bfc062723c751e8b465ee728b) (PreviewImporter) -> (artifact id: '8194d640b6775dec4addead5f1ffb56b') in 0.2816057 seconds
Number of updated asset objects reloaded before import = 0Number of asset objects unloaded after import = 35

========================================================================
Received Import Request.
  Time since last request: 190.638551 seconds.
  path: Assets/Art/New Material.mat
  artifactKey: Guid(2eff2595e61e8474c9bb8ebcaee85e35) Importer(815301076,1909f56bfc062723c751e8b465ee728b)
Start importing Assets/Art/New Material.mat using Guid(2eff2595e61e8474c9bb8ebcaee85e35) Importer(815301076,1909f56bfc062723c751e8b465ee728b) (PreviewImporter) -> (artifact id: '5765e69c39747e8c6c76f9c74ca29e99') in 0.0160805 seconds
Number of updated asset objects reloaded before import = 0Number of asset objects unloaded after import = 23

========================================================================
Received Import Request.
  Time since last request: 113.959329 seconds.
  path: Assets/Art/New Material.mat
  artifactKey: Guid(2eff2595e61e8474c9bb8ebcaee85e35) Importer(815301076,1909f56bfc062723c751e8b465ee728b)
Start importing Assets/Art/New Material.mat using Guid(2eff2595e61e8474c9bb8ebcaee85e35) Importer(815301076,1909f56bfc062723c751e8b465ee728b) (PreviewImporter) -> (artifact id: '4e60a48db0445207447c0f7b0c06b5fb') in 0.0196153 seconds
Number of updated asset objects reloaded before import = 1Number of asset objects unloaded after import = 23

========================================================================
Received Import Request.
  Time since last request: 158.826228 seconds.
  path: Assets/Art/imgonline-com-ua-tile-PrNazPzg7RubfMaf.png
  artifactKey: Guid(62a793e4ce2cb484c8b6b30347dfda1a) Importer(815301076,1909f56bfc062723c751e8b465ee728b)
Start importing Assets/Art/imgonline-com-ua-tile-PrNazPzg7RubfMaf.png using Guid(62a793e4ce2cb484c8b6b30347dfda1a) Importer(815301076,1909f56bfc062723c751e8b465ee728b) (PreviewImporter) -> (artifact id: 'fba76f42a442deab093fbd6e40e8f470') in 0.0243092 seconds
Number of updated asset objects reloaded before import = 0Number of asset objects unloaded after import = 2

========================================================================
Received Import Request.
  Time since last request: 173.526346 seconds.
  path: Assets/Art/Light Metal.mat
  artifactKey: Guid(2eff2595e61e8474c9bb8ebcaee85e35) Importer(815301076,1909f56bfc062723c751e8b465ee728b)
Start importing Assets/Art/Light Metal.mat using Guid(2eff2595e61e8474c9bb8ebcaee85e35) Importer(815301076,1909f56bfc062723c751e8b465ee728b) (PreviewImporter) -> (artifact id: '15977370205fb7a7393eac42a0e1f9a9') in 0.0380649 seconds
Number of updated asset objects reloaded before import = 0Number of asset objects unloaded after import = 27

========================================================================
Received Import Request.
  Time since last request: 144.906294 seconds.
  path: Assets/Art/Untitled_design_-_2024-08-14T190855.061-removebg-preview.png
  artifactKey: Guid(3c9f5b4f5307192498d2280f71d35962) Importer(815301076,1909f56bfc062723c751e8b465ee728b)
Start importing Assets/Art/Untitled_design_-_2024-08-14T190855.061-removebg-preview.png using Guid(3c9f5b4f5307192498d2280f71d35962) Importer(815301076,1909f56bfc062723c751e8b465ee728b) (PreviewImporter) -> (artifact id: 'da307f1abe7d52b3341b674c6fbba0c3') in 0.0147775 seconds
Number of updated asset objects reloaded before import = 0Number of asset objects unloaded after import = 2

========================================================================
Received Import Request.
  Time since last request: 176.979746 seconds.
  path: Assets/Art/imgonline-com-ua-TextureSeamless-3c31GQ8Ryjm3sNV.png
  artifactKey: Guid(fce5187be9935ab4799fd02629386da5) Importer(815301076,1909f56bfc062723c751e8b465ee728b)
Start importing Assets/Art/imgonline-com-ua-TextureSeamless-3c31GQ8Ryjm3sNV.png using Guid(fce5187be9935ab4799fd02629386da5) Importer(815301076,1909f56bfc062723c751e8b465ee728b) (PreviewImporter) -> (artifact id: '4237c375662b9c740d93b3bd2e43150d') in 0.0138426 seconds
Number of updated asset objects reloaded before import = 1Number of asset objects unloaded after import = 2

========================================================================
Received Import Request.
  Time since last request: 26.898737 seconds.
  path: Assets/Art/Untitled design - 2024-08-14T191121.632.png
  artifactKey: Guid(29e7af91813c1e6459915e7dc8f52a95) Importer(815301076,1909f56bfc062723c751e8b465ee728b)
Start importing Assets/Art/Untitled design - 2024-08-14T191121.632.png using Guid(29e7af91813c1e6459915e7dc8f52a95) Importer(815301076,1909f56bfc062723c751e8b465ee728b) (PreviewImporter) -> (artifact id: 'f033e5401ffe837b34b95f27c7d3746b') in 0.0152586 seconds
Number of updated asset objects reloaded before import = 0Number of asset objects unloaded after import = 2

========================================================================
Received Import Request.
  Time since last request: 125.534945 seconds.
  path: Assets/Art/imgonline-com-ua-TextureSeamless-JnV8a6OqpsQnyJyc.png
  artifactKey: Guid(82ac2c5c2e83f97458283e87f6a29a6d) Importer(815301076,1909f56bfc062723c751e8b465ee728b)
Start importing Assets/Art/imgonline-com-ua-TextureSeamless-JnV8a6OqpsQnyJyc.png using Guid(82ac2c5c2e83f97458283e87f6a29a6d) Importer(815301076,1909f56bfc062723c751e8b465ee728b) (PreviewImporter) -> (artifact id: 'd8797ee5cbee239a8b219dc49827b234') in 0.0144581 seconds
Number of updated asset objects reloaded before import = 0Number of asset objects unloaded after import = 2

========================================================================
Received Import Request.
  Time since last request: 49.998203 seconds.
  path: Assets/Art/Dark Metal.mat
  artifactKey: Guid(45a4c1e49fb2699428b7774e02dfd1ae) Importer(815301076,1909f56bfc062723c751e8b465ee728b)
Start importing Assets/Art/Dark Metal.mat using Guid(45a4c1e49fb2699428b7774e02dfd1ae) Importer(815301076,1909f56bfc062723c751e8b465ee728b) (PreviewImporter) -> (artifact id: '2deacfd7d2792a8a6d25f8157c9b1182') in 0.0167619 seconds
Number of updated asset objects reloaded before import = 0Number of asset objects unloaded after import = 23

========================================================================
Received Import Request.
  Time since last request: 89.832867 seconds.
  path: Assets/Art/Light Metal.mat
  artifactKey: Guid(2eff2595e61e8474c9bb8ebcaee85e35) Importer(815301076,1909f56bfc062723c751e8b465ee728b)
Start importing Assets/Art/Light Metal.mat using Guid(2eff2595e61e8474c9bb8ebcaee85e35) Importer(815301076,1909f56bfc062723c751e8b465ee728b) (PreviewImporter) -> (artifact id: '67b1ae94bb233ed6de69f9756310dc16') in 0.4183541 seconds
Number of updated asset objects reloaded before import = 1Number of asset objects unloaded after import = 27

========================================================================
Received Import Request.
  Time since last request: 43.305679 seconds.
  path: Assets/Art/Light Metal.mat
  artifactKey: Guid(2eff2595e61e8474c9bb8ebcaee85e35) Importer(815301076,1909f56bfc062723c751e8b465ee728b)
Start importing Assets/Art/Light Metal.mat using Guid(2eff2595e61e8474c9bb8ebcaee85e35) Importer(815301076,1909f56bfc062723c751e8b465ee728b) (PreviewImporter) -> (artifact id: '08c2d16e6c5dbcd0c705efff3c5b7d5c') in 0.3996046 seconds
Number of updated asset objects reloaded before import = 1Number of asset objects unloaded after import = 27

========================================================================
Received Import Request.
  Time since last request: 26.346283 seconds.
  path: Assets/Art/Light Metal.mat
  artifactKey: Guid(2eff2595e61e8474c9bb8ebcaee85e35) Importer(815301076,1909f56bfc062723c751e8b465ee728b)
Start importing Assets/Art/Light Metal.mat using Guid(2eff2595e61e8474c9bb8ebcaee85e35) Importer(815301076,1909f56bfc062723c751e8b465ee728b) (PreviewImporter) -> (artifact id: '75dddd4f6a44139cea76a36bc8326a57') in 0.3802072 seconds
Number of updated asset objects reloaded before import = 1Number of asset objects unloaded after import = 27

========================================================================
Received Import Request.
  Time since last request: 31.710546 seconds.
  path: Assets/Art/Light Metal.mat
  artifactKey: Guid(2eff2595e61e8474c9bb8ebcaee85e35) Importer(815301076,1909f56bfc062723c751e8b465ee728b)
Start importing Assets/Art/Light Metal.mat using Guid(2eff2595e61e8474c9bb8ebcaee85e35) Importer(815301076,1909f56bfc062723c751e8b465ee728b) (PreviewImporter) -> (artifact id: 'ac5fc64e68bc20e66be5c29f686c7d52') in 0.3774853 seconds
Number of updated asset objects reloaded before import = 1Number of asset objects unloaded after import = 27

========================================================================
Received Import Request.
  Time since last request: 9.726956 seconds.
  path: Assets/Art/Light Metal.mat
  artifactKey: Guid(2eff2595e61e8474c9bb8ebcaee85e35) Importer(815301076,1909f56bfc062723c751e8b465ee728b)
Start importing Assets/Art/Light Metal.mat using Guid(2eff2595e61e8474c9bb8ebcaee85e35) Importer(815301076,1909f56bfc062723c751e8b465ee728b) (PreviewImporter) -> (artifact id: '7fa9fb4f9761c70daafe50f1c52ff8ef') in 0.2158586 seconds
Number of updated asset objects reloaded before import = 1Number of asset objects unloaded after import = 27

========================================================================
Received Import Request.
  Time since last request: 35.498956 seconds.
  path: Assets/Art/Dark Metal.mat
  artifactKey: Guid(45a4c1e49fb2699428b7774e02dfd1ae) Importer(815301076,1909f56bfc062723c751e8b465ee728b)
Start importing Assets/Art/Dark Metal.mat using Guid(45a4c1e49fb2699428b7774e02dfd1ae) Importer(815301076,1909f56bfc062723c751e8b465ee728b) (PreviewImporter) -> (artifact id: 'a977afd6ec41afad6893d4bd7c9d11a9') in 0.0187487 seconds
Number of updated asset objects reloaded before import = 0Number of asset objects unloaded after import = 27

========================================================================
Received Import Request.
  Time since last request: 0.000028 seconds.
  path: Assets/Art/Light Metal.mat
  artifactKey: Guid(2eff2595e61e8474c9bb8ebcaee85e35) Importer(815301076,1909f56bfc062723c751e8b465ee728b)
Start importing Assets/Art/Light Metal.mat using Guid(2eff2595e61e8474c9bb8ebcaee85e35) Importer(815301076,1909f56bfc062723c751e8b465ee728b) (PreviewImporter) -> (artifact id: '61041bb4d1df928428f3f6c3a15b6428') in 0.0190808 seconds
Number of updated asset objects reloaded before import = 0Number of asset objects unloaded after import = 27

========================================================================
Received Import Request.
  Time since last request: 39.713190 seconds.
  path: Assets/Art/Dark Red Metal.mat
  artifactKey: Guid(c1a5d3cb4052ba649bd7db3020e04f08) Importer(815301076,1909f56bfc062723c751e8b465ee728b)
Start importing Assets/Art/Dark Red Metal.mat using Guid(c1a5d3cb4052ba649bd7db3020e04f08) Importer(815301076,1909f56bfc062723c751e8b465ee728b) (PreviewImporter) -> (artifact id: '5d84fb331f1f692d62c2fa4b57e787c2') in 0.0173184 seconds
Number of updated asset objects reloaded before import = 0Number of asset objects unloaded after import = 27

========================================================================
Received Import Request.
  Time since last request: 248.814196 seconds.
  path: Assets/Art/Untitled design - 2024-08-14T192321.648.png
  artifactKey: Guid(2900092dee9b4eb41ae070a61cda8337) Importer(815301076,1909f56bfc062723c751e8b465ee728b)
Start importing Assets/Art/Untitled design - 2024-08-14T192321.648.png using Guid(2900092dee9b4eb41ae070a61cda8337) Importer(815301076,1909f56bfc062723c751e8b465ee728b) (PreviewImporter) -> (artifact id: '9fca715a6932cd9d56885849791f1473') in 0.0141137 seconds
Number of updated asset objects reloaded before import = 0Number of asset objects unloaded after import = 2

========================================================================
Received Import Request.
  Time since last request: 242.509963 seconds.
  path: Assets/Art/Mid Metal.mat
  artifactKey: Guid(8cc4fbdfea6bf1b42b582544466d1c50) Importer(815301076,1909f56bfc062723c751e8b465ee728b)
Start importing Assets/Art/Mid Metal.mat using Guid(8cc4fbdfea6bf1b42b582544466d1c50) Importer(815301076,1909f56bfc062723c751e8b465ee728b) (PreviewImporter) -> (artifact id: 'fd5bcb4478b95b55672fc91f3c7b3876') in 0.0186322 seconds
Number of updated asset objects reloaded before import = 0Number of asset objects unloaded after import = 27

========================================================================
Received Import Request.
  Time since last request: 1973.046066 seconds.
  path: Assets/Models/Wall.fbx
  artifactKey: Guid(aa3a432519e3ef14da41dd29c53891b9) Importer(815301076,1909f56bfc062723c751e8b465ee728b)
Start importing Assets/Models/Wall.fbx using Guid(aa3a432519e3ef14da41dd29c53891b9) Importer(815301076,1909f56bfc062723c751e8b465ee728b) (PreviewImporter) -> (artifact id: '40490e75f884926c240d22cba398df6d') in 0.0751829 seconds
Number of updated asset objects reloaded before import = 0Number of asset objects unloaded after import = 39

========================================================================
Received Import Request.
  Time since last request: 119.332104 seconds.
  path: Assets/Perfab/Piller.prefab
  artifactKey: Guid(93dc4f7adc8dca648833d25d85a83aa9) Importer(815301076,1909f56bfc062723c751e8b465ee728b)
Start importing Assets/Perfab/Piller.prefab using Guid(93dc4f7adc8dca648833d25d85a83aa9) Importer(815301076,1909f56bfc062723c751e8b465ee728b) (PreviewImporter) -> (artifact id: 'f4cc7efc02080e30798cb69ee5e667a5') in 0.0182729 seconds
Number of updated asset objects reloaded before import = 0Number of asset objects unloaded after import = 37

========================================================================
Received Import Request.
  Time since last request: 2.441171 seconds.
  path: Assets/Perfab/Wall.prefab
  artifactKey: Guid(c660d491b98b85c4597abfa89236ead6) Importer(815301076,1909f56bfc062723c751e8b465ee728b)
Start importing Assets/Perfab/Wall.prefab using Guid(c660d491b98b85c4597abfa89236ead6) Importer(815301076,1909f56bfc062723c751e8b465ee728b) (PreviewImporter) -> (artifact id: '5d4094d595d38a50de67d057fc92b7d1') in 0.0185499 seconds
Number of updated asset objects reloaded before import = 0Number of asset objects unloaded after import = 38

========================================================================
Received Import Request.
  Time since last request: 648.219555 seconds.
  path: Assets/Perfab/Map.fbx
  artifactKey: Guid(88cdc615744f26549a3b3bb6aef7b340) Importer(815301076,1909f56bfc062723c751e8b465ee728b)
Start importing Assets/Perfab/Map.fbx using Guid(88cdc615744f26549a3b3bb6aef7b340) Importer(815301076,1909f56bfc062723c751e8b465ee728b) (PreviewImporter) -> (artifact id: '75f463f398cc49a65fe6d81ea8d3670b') in 0.0346886 seconds
Number of updated asset objects reloaded before import = 0Number of asset objects unloaded after import = 32

